[07:20:46] [Server thread/INFO]: Starting minecraft server version 1.8
[07:20:46] [Server thread/INFO]: Loading properties
[07:20:46] [Server thread/INFO]: Default game type: SURVIVAL
[07:20:46] [Server thread/INFO]: This server is running CraftBukkit version git-Spigot-c3c767f-33d5de3 (MC: 1.8) (Implementing API version 1.8-R0.1-SNAPSHOT)
[07:20:46] [Server thread/INFO]: Debug logging is disabled
[07:20:46] [Server thread/INFO]: Using 4 threads for Netty based IO
[07:20:46] [Server thread/INFO]: Server Ping Player Sample Count: 12
[07:20:46] [Server thread/INFO]: Generating keypair
[07:20:46] [Server thread/INFO]: Starting Minecraft server on *:25565
[07:20:46] [Server thread/INFO]: Your platform does not provide complete low-level API for accessing direct buffers reliably. Unless explicitly requested, heap buffer will always be preferred to avoid potential system unstability.
[07:20:46] [Server thread/INFO]: Set PluginClassLoader as parallel capable
[07:20:46] [Server thread/INFO]: [WorldEdit] Loading WorldEdit v6.1;no_git_id
[07:20:46] [Server thread/INFO]: [Essentials] Loading Essentials vTeamCity
[07:20:46] [Server thread/INFO]: [EssentialsSpawn] Loading EssentialsSpawn vTeamCity
[07:20:46] [Server thread/INFO]: [EssentialsChat] Loading EssentialsChat vTeamCity
[07:20:46] [Server thread/INFO]: **** Beginning UUID conversion, this may take A LONG time ****
[07:20:46] [Server thread/INFO]: Preparing level "world"
[07:20:46] [Server thread/INFO]: -------- World Settings For [world] --------
[07:20:46] [Server thread/INFO]: Allow Zombie Pigmen to spawn from portal blocks: true
[07:20:46] [Server thread/INFO]: Item Despawn Rate: 6000
[07:20:46] [Server thread/INFO]: Item Merge Radius: 2.5
[07:20:46] [Server thread/INFO]: Zombie Aggressive Towards Villager: true
[07:20:46] [Server thread/INFO]: Experience Merge Radius: 3.0
[07:20:46] [Server thread/INFO]: Chunks to Grow per Tick: 650
[07:20:46] [Server thread/INFO]: Clear tick list: false
[07:20:46] [Server thread/INFO]: View Distance: 10
[07:20:46] [Server thread/INFO]: Arrow Despawn Rate: 1200
[07:20:46] [Server thread/INFO]: Mob Spawn Range: 4
[07:20:46] [Server thread/INFO]: Anti X-Ray: true
[07:20:46] [Server thread/INFO]: 	Engine Mode: 1
[07:20:46] [Server thread/INFO]: 	Hidden Blocks: [14, 15, 16, 21, 48, 49, 54, 56, 73, 74, 82, 129, 130]
[07:20:46] [Server thread/INFO]: 	Replace Blocks: [1, 5]
[07:20:46] [Server thread/INFO]: Nerfing mobs spawned from spawners: false
[07:20:46] [Server thread/INFO]: Cactus Growth Modifier: 100%
[07:20:46] [Server thread/INFO]: Cane Growth Modifier: 100%
[07:20:46] [Server thread/INFO]: Melon Growth Modifier: 100%
[07:20:46] [Server thread/INFO]: Mushroom Growth Modifier: 100%
[07:20:46] [Server thread/INFO]: Pumpkin Growth Modifier: 100%
[07:20:46] [Server thread/INFO]: Sapling Growth Modifier: 100%
[07:20:46] [Server thread/INFO]: Wheat Growth Modifier: 100%
[07:20:46] [Server thread/INFO]: Random Lighting Updates: false
[07:20:46] [Server thread/INFO]: Max TNT Explosions: 100
[07:20:46] [Server thread/INFO]: Tile Max Tick Time: 50ms Entity max Tick Time: 50ms
[07:20:46] [Server thread/INFO]: Sending up to 10 chunks per packet
[07:20:46] [Server thread/INFO]: Entity Activation Range: An 32 / Mo 32 / Mi 16
[07:20:46] [Server thread/INFO]: Entity Tracking Range: Pl 48 / An 48 / Mo 48 / Mi 32 / Other 64
[07:20:46] [Server thread/INFO]: Max Entity Collisions: 8
[07:20:46] [Server thread/INFO]: Custom Map Seeds:  Village: 10387312 Feature: 14357617
[07:20:46] [Server thread/INFO]: Structure Info Saving: true
[07:20:46] [Server thread/INFO]: Alternative Hopper Ticking: false
[07:20:46] [Server thread/INFO]: Hopper Transfer: 8 Hopper Check: 8 Hopper Amount: 1
[07:20:46] [Server thread/WARN]: Unable to find spawn biome
[07:20:47] [Server thread/INFO]: -------- World Settings For [world_nether] --------
[07:20:47] [Server thread/INFO]: Allow Zombie Pigmen to spawn from portal blocks: true
[07:20:47] [Server thread/INFO]: Item Despawn Rate: 6000
[07:20:47] [Server thread/INFO]: Item Merge Radius: 2.5
[07:20:47] [Server thread/INFO]: Zombie Aggressive Towards Villager: true
[07:20:47] [Server thread/INFO]: Experience Merge Radius: 3.0
[07:20:47] [Server thread/INFO]: Chunks to Grow per Tick: 650
[07:20:47] [Server thread/INFO]: Clear tick list: false
[07:20:47] [Server thread/INFO]: View Distance: 10
[07:20:47] [Server thread/INFO]: Arrow Despawn Rate: 1200
[07:20:47] [Server thread/INFO]: Mob Spawn Range: 4
[07:20:47] [Server thread/INFO]: Anti X-Ray: true
[07:20:47] [Server thread/INFO]: 	Engine Mode: 1
[07:20:47] [Server thread/INFO]: 	Hidden Blocks: [14, 15, 16, 21, 48, 49, 54, 56, 73, 74, 82, 129, 130]
[07:20:47] [Server thread/INFO]: 	Replace Blocks: [1, 5]
[07:20:47] [Server thread/INFO]: Nerfing mobs spawned from spawners: false
[07:20:47] [Server thread/INFO]: Cactus Growth Modifier: 100%
[07:20:47] [Server thread/INFO]: Cane Growth Modifier: 100%
[07:20:47] [Server thread/INFO]: Melon Growth Modifier: 100%
[07:20:47] [Server thread/INFO]: Mushroom Growth Modifier: 100%
[07:20:47] [Server thread/INFO]: Pumpkin Growth Modifier: 100%
[07:20:47] [Server thread/INFO]: Sapling Growth Modifier: 100%
[07:20:47] [Server thread/INFO]: Wheat Growth Modifier: 100%
[07:20:47] [Server thread/INFO]: Random Lighting Updates: false
[07:20:47] [Server thread/INFO]: Max TNT Explosions: 100
[07:20:47] [Server thread/INFO]: Tile Max Tick Time: 50ms Entity max Tick Time: 50ms
[07:20:47] [Server thread/INFO]: Sending up to 10 chunks per packet
[07:20:47] [Server thread/INFO]: Entity Activation Range: An 32 / Mo 32 / Mi 16
[07:20:47] [Server thread/INFO]: Entity Tracking Range: Pl 48 / An 48 / Mo 48 / Mi 32 / Other 64
[07:20:47] [Server thread/INFO]: Max Entity Collisions: 8
[07:20:47] [Server thread/INFO]: Custom Map Seeds:  Village: 10387312 Feature: 14357617
[07:20:47] [Server thread/INFO]: Structure Info Saving: true
[07:20:47] [Server thread/INFO]: Alternative Hopper Ticking: false
[07:20:47] [Server thread/INFO]: Hopper Transfer: 8 Hopper Check: 8 Hopper Amount: 1
[07:20:47] [Server thread/INFO]: -------- World Settings For [world_the_end] --------
[07:20:47] [Server thread/INFO]: Allow Zombie Pigmen to spawn from portal blocks: true
[07:20:47] [Server thread/INFO]: Item Despawn Rate: 6000
[07:20:47] [Server thread/INFO]: Item Merge Radius: 2.5
[07:20:47] [Server thread/INFO]: Zombie Aggressive Towards Villager: true
[07:20:47] [Server thread/INFO]: Experience Merge Radius: 3.0
[07:20:47] [Server thread/INFO]: Chunks to Grow per Tick: 650
[07:20:47] [Server thread/INFO]: Clear tick list: false
[07:20:47] [Server thread/INFO]: View Distance: 10
[07:20:47] [Server thread/INFO]: Arrow Despawn Rate: 1200
[07:20:47] [Server thread/INFO]: Mob Spawn Range: 4
[07:20:47] [Server thread/INFO]: Anti X-Ray: true
[07:20:47] [Server thread/INFO]: 	Engine Mode: 1
[07:20:47] [Server thread/INFO]: 	Hidden Blocks: [14, 15, 16, 21, 48, 49, 54, 56, 73, 74, 82, 129, 130]
[07:20:47] [Server thread/INFO]: 	Replace Blocks: [1, 5]
[07:20:47] [Server thread/INFO]: Nerfing mobs spawned from spawners: false
[07:20:47] [Server thread/INFO]: Cactus Growth Modifier: 100%
[07:20:47] [Server thread/INFO]: Cane Growth Modifier: 100%
[07:20:47] [Server thread/INFO]: Melon Growth Modifier: 100%
[07:20:47] [Server thread/INFO]: Mushroom Growth Modifier: 100%
[07:20:47] [Server thread/INFO]: Pumpkin Growth Modifier: 100%
[07:20:47] [Server thread/INFO]: Sapling Growth Modifier: 100%
[07:20:47] [Server thread/INFO]: Wheat Growth Modifier: 100%
[07:20:47] [Server thread/INFO]: Random Lighting Updates: false
[07:20:47] [Server thread/INFO]: Max TNT Explosions: 100
[07:20:47] [Server thread/INFO]: Tile Max Tick Time: 50ms Entity max Tick Time: 50ms
[07:20:47] [Server thread/INFO]: Sending up to 10 chunks per packet
[07:20:47] [Server thread/INFO]: Entity Activation Range: An 32 / Mo 32 / Mi 16
[07:20:47] [Server thread/INFO]: Entity Tracking Range: Pl 48 / An 48 / Mo 48 / Mi 32 / Other 64
[07:20:47] [Server thread/INFO]: Max Entity Collisions: 8
[07:20:47] [Server thread/INFO]: Custom Map Seeds:  Village: 10387312 Feature: 14357617
[07:20:47] [Server thread/INFO]: Structure Info Saving: true
[07:20:47] [Server thread/INFO]: Alternative Hopper Ticking: false
[07:20:47] [Server thread/INFO]: Hopper Transfer: 8 Hopper Check: 8 Hopper Amount: 1
[07:20:47] [Server thread/INFO]: Preparing start region for level 0 (Seed: 3650863271521731145)
[07:20:48] [Server thread/INFO]: Preparing spawn area: 12%
[07:20:49] [Server thread/INFO]: Preparing spawn area: 31%
[07:20:50] [Server thread/INFO]: Preparing spawn area: 50%
[07:20:51] [Server thread/INFO]: Preparing spawn area: 69%
[07:20:52] [Server thread/INFO]: Preparing spawn area: 92%
[07:20:52] [Server thread/INFO]: Preparing start region for level 1 (Seed: 1964599165206664362)
[07:20:52] [Server thread/INFO]: Preparing start region for level 2 (Seed: 1964599165206664362)
[07:20:52] [Server thread/INFO]: [WorldEdit] Enabling WorldEdit v6.1;no_git_id
[07:20:53] [Server thread/INFO]: WEPIF: Using the Bukkit Permissions API.
[07:20:53] [Server thread/INFO]: [WorldEdit] Using com.sk89q.worldedit.bukkit.adapter.impl.Spigot_v1_8_R1 as the Bukkit adapter
[07:20:53] [Server thread/INFO]: [Essentials] Enabling Essentials vTeamCity
[07:20:53] [Server thread/INFO]: Bukkit version format changed. Version not checked.
[07:20:53] [Server thread/INFO]: git-Spigot-c3c767f-33d5de3 (MC: 1.8)
[07:20:53] [Server thread/INFO]: 1.8-R0.1-SNAPSHOT
[07:20:53] [Server thread/INFO]: Using locale ko_KR
[07:20:53] [Server thread/INFO]: Using locale ko_KR
[07:20:53] [Server thread/INFO]: Essentials: Using config file enhanced permissions.
[07:20:53] [Server thread/INFO]: Permissions listed in as player-commands will be given to all users.
[07:20:53] [Server thread/INFO]: [EssentialsSpawn] Enabling EssentialsSpawn vTeamCity
[07:20:53] [Server thread/INFO]: [EssentialsChat] Enabling EssentialsChat vTeamCity
[07:20:53] [Server thread/INFO]: Server permissions file permissions.yml is empty, ignoring it
[07:20:53] [Server thread/INFO]: Done (6.485s)! For help, type "help" or "?"
[07:22:32] [User Authenticator #1/INFO]: UUID of player Seayoan1025 is 7517a237-0c32-4ec1-afca-459cf1058db3
[07:22:32] [Server thread/INFO]: Seayoan1025[/127.0.0.1:59899] logged in with entity id 1628 at ([world] 58.5, 66.0, 30.5)
[07:22:37] [Server thread/INFO]: Seayoan1025 issued server command: /gm 1
[07:22:38] [Server thread/INFO]: Seayoan1025 has just earned the achievement [Taking Inventory]
[07:23:00] [Server thread/INFO]: Seayoan1025 issued server command: //set tnt
[07:24:13] [Server thread/INFO]: Seayoan1025 lost connection: Internal Exception: java.io.IOException: ?òÑ?û¨ ?ó∞Í≤∞Ï? ?õêÍ≤? ?ò∏?ä§?ä∏?óê ?ùò?ï¥ Í∞ïÏ†úÎ°? ?ÅäÍ≤ºÏäµ?ãà?ã§
[07:24:13] [Server thread/INFO]: Seayoan1025 left the game.
[07:27:54] [User Authenticator #2/INFO]: UUID of player Seayoan1025 is 7517a237-0c32-4ec1-afca-459cf1058db3
[07:27:54] [Server thread/INFO]: Seayoan1025[/127.0.0.1:59982] logged in with entity id 31723 at ([world] 256.12727664591324, 135.337883665319, 9.763738913235185)
[07:33:04] [Server thread/INFO]: Seayoan1025 issued server command: /day
[07:36:54] [Server thread/INFO]: Seayoan1025 lost connection: Internal Exception: java.io.IOException: ?òÑ?û¨ ?ó∞Í≤∞Ï? ?õêÍ≤? ?ò∏?ä§?ä∏?óê ?ùò?ï¥ Í∞ïÏ†úÎ°? ?ÅäÍ≤ºÏäµ?ãà?ã§
[07:36:54] [Server thread/INFO]: Seayoan1025 left the game.
[08:18:12] [User Authenticator #3/INFO]: UUID of player PaJae is 479a149e-655c-4e64-8cd8-39236aab5a85
[08:18:12] [Server thread/INFO]: PaJae[/210.126.87.239:58799] logged in with entity id 35661 at ([world] 54.5, 69.0, 33.5)
[08:18:12] [pool-5-thread-1/INFO]: ∫Û º≥¡§ ∆ƒ¿œ¿ª ª˝º∫¡ﬂ: C:\Users\«ˆº÷\Desktop\≈◊Ω∫∆Æ º≠πˆ\plugins\Essentials\userdata\479a149e-655c-4e64-8cd8-39236aab5a85.yml
[08:18:30] [Async Chat Thread - #0/INFO]: [m<PaJae[m> ¿Ã∞‘ πª±Ó[m
[08:18:40] [Server thread/INFO]: PaJae lost connection: Disconnected
[08:18:40] [Server thread/INFO]: PaJae left the game.
[09:26:39] [User Authenticator #4/INFO]: UUID of player Seayoan1025 is 7517a237-0c32-4ec1-afca-459cf1058db3
[09:26:39] [Server thread/INFO]: Seayoan1025[/192.168.219.101:63454] logged in with entity id 36306 at ([world] 368.62128612424544, 105.29727248846531, 34.22591161378844)
[09:26:48] [Server thread/INFO]: Seayoan1025 lost connection: Disconnected
[09:26:48] [Server thread/INFO]: Seayoan1025 left the game.
